<?xml version="1.0" encoding="UTF-8" ?>
<testsuite failures="0" time="0.154" errors="0" skipped="0" tests="12" name="uk.org.lidalia.sysoutslf4j.common.TestExceptionUtils">
  <properties>
[...]
</properties>
  <testcase time="0.016" classname="uk.org.lidalia.sysoutslf4j.common.TestExceptionUtils" name="asRuntimeExceptionThrowsIllegalArgumentExceptionWhenNullPassedIn"/>
  <testcase time="0.002" classname="uk.org.lidalia.sysoutslf4j.common.TestExceptionUtils" name="asRuntimeExceptionThrowsPassedInError"/>
  <testcase time="0.001" classname="uk.org.lidalia.sysoutslf4j.common.TestExceptionUtils" name="asRuntimeExceptionReturnsPassedInRuntimeException"/>
  <testcase time="0.002" classname="uk.org.lidalia.sysoutslf4j.common.TestExceptionUtils" name="asRuntimeExceptionReturnsPassedInCheckedExceptionAsCauseOfWrappedCheckedException"/>
  <testcase time="0.002" classname="uk.org.lidalia.sysoutslf4j.common.TestExceptionUtils" name="asRuntimeExceptionThrowsIllegalArgumentExceptionWhenInterruptedExceptionPassedIn"/>
  <testcase time="0.002" classname="uk.org.lidalia.sysoutslf4j.common.TestExceptionUtils" name="asRuntimeExceptionThrowsIllegalArgumentExceptionWhenInterruptedIOExceptionPassedIn"/>
  <testcase time="0.002" classname="uk.org.lidalia.sysoutslf4j.common.TestExceptionUtils" name="asRuntimeExceptionThrowsPassedInInvocationTargetExceptionsCauseIfError"/>
  <testcase time="0.002" classname="uk.org.lidalia.sysoutslf4j.common.TestExceptionUtils" name="asRuntimeExceptionReturnsPassedInInvocationTargetExceptionsCauseIfRuntimeException"/>
  <testcase time="0.002" classname="uk.org.lidalia.sysoutslf4j.common.TestExceptionUtils" name="asRuntimeExceptionReturnsPassedInInvocationTargetExceptionsCauseAsCauseOfWrappedCheckedExceptionIfCheckedException"/>
  <testcase time="0.002" classname="uk.org.lidalia.sysoutslf4j.common.TestExceptionUtils" name="notInstantiable"/>
  <testcase time="0.002" classname="uk.org.lidalia.sysoutslf4j.common.TestExceptionUtils" name="doUncheckedReturnsResultOfWork"/>
  <testcase time="0.059" classname="uk.org.lidalia.sysoutslf4j.common.TestExceptionUtils" name="doUncheckedThrowsCheckedExceptionAsRuntimeException"/>
</testsuite>